<?xml version="1.0" encoding="UTF-8"?>
<!-- Generated by org.testng.reporters.JUnitReportReporter -->
<testsuite skipped="0" hostname="LAPTOP-A53PE1M3" name="com.CapsuleApplication.Test.LoginPageTest" tests="2" failures="0" timestamp="09 Jun 2019 02:57:57 GMT" time="55.401" errors="0">
  <testcase name="validateLoginPageTitle" time="15.878" classname="com.CapsuleApplication.Test.LoginPageTest"/>
  <testcase name="validateLoginButton" time="39.523" classname="com.CapsuleApplication.Test.LoginPageTest"/>
</testsuite> <!-- com.CapsuleApplication.Test.LoginPageTest -->
