<?xml version="1.0" encoding="UTF-8"?>
<!-- Generated by org.testng.reporters.JUnitReportReporter -->
<testsuite skipped="0" hostname="LAPTOP-A53PE1M3" name="com.CapsuleApplication.Test.DashBoardPageTest" tests="2" failures="0" timestamp="09 Jun 2019 02:57:57 GMT" time="53.586" errors="0">
  <testcase name="validateDashBoardPageTitle" time="13.212" classname="com.CapsuleApplication.Test.DashBoardPageTest"/>
  <testcase name="validatePeopleOrganizationLink" time="40.374" classname="com.CapsuleApplication.Test.DashBoardPageTest"/>
</testsuite> <!-- com.CapsuleApplication.Test.DashBoardPageTest -->
