<?xml version="1.0" encoding="UTF-8"?>
<!-- Generated by org.testng.reporters.JUnitReportReporter -->
<testsuite skipped="0" hostname="LAPTOP-A53PE1M3" name="com.CapsuleApplication.Test.PeoplePageTest" tests="1" failures="0" timestamp="09 Jun 2019 02:57:57 GMT" time="49.523" errors="0">
  <testcase name="verifyNewContact" time="49.523" classname="com.CapsuleApplication.Test.PeoplePageTest"/>
</testsuite> <!-- com.CapsuleApplication.Test.PeoplePageTest -->
